[debug] [2021-03-25T21:01:21.137Z] ----------------------------------------------------------------------
[debug] [2021-03-25T21:01:21.139Z] Command:       C:\Users\AndyD-esktop\Desktop\Nodejs\node.exe C:\Users\AndyD-esktop\AppData\Roaming\npm\node_modules\firebase-tools\lib\bin\firebase.js init hosting:github
[debug] [2021-03-25T21:01:21.140Z] CLI Version:   9.7.0
[debug] [2021-03-25T21:01:21.140Z] Platform:      win32
[debug] [2021-03-25T21:01:21.140Z] Node Version:  v10.16.3
[debug] [2021-03-25T21:01:21.141Z] Time:          Thu Mar 25 2021 17:01:21 GMT-0400 (Eastern Daylight Time)
[debug] [2021-03-25T21:01:21.141Z] ----------------------------------------------------------------------
[debug] 
[debug] [2021-03-25T21:01:21.186Z] > command requires scopes: ["email","openid","https://www.googleapis.com/auth/cloudplatformprojects.readonly","https://www.googleapis.com/auth/firebase","https://www.googleapis.com/auth/cloud-platform"]
[debug] [2021-03-25T21:01:21.186Z] > authorizing via signed-in user
[info] 
     ######## #### ########  ######## ########     ###     ######  ########
     ##        ##  ##     ## ##       ##     ##  ##   ##  ##       ##
     ######    ##  ########  ######   ########  #########  ######  ######
     ##        ##  ##    ##  ##       ##     ## ##     ##       ## ##
     ##       #### ##     ## ######## ########  ##     ##  ######  ########

You're about to initialize a Firebase project in this directory:

  C:\Users\AndyD-esktop\Desktop\Personal Projects\pna-mvc\pna-fe

Before we get started, keep in mind:

  * You are initializing in an existing Firebase project directory

